{
  "uid" : "c2ed47a288401dc2",
  "name" : "test_AdsAccountSearch[Account2]",
  "fullName" : "TestCase.AMCModelGallery.UniqueReach.test_TopSearch.TestTopSearch#test_AdsAccountSearch",
  "historyId" : "d392677dd9137d1258de4a566dc3c0d6",
  "time" : {
    "start" : 1742521210113,
    "stop" : 1742521210113,
    "duration" : 0
  },
  "description" : "广告触达模型-顶部筛选",
  "descriptionHtml" : "<p>广告触达模型-顶部筛选</p>\n",
  "status" : "broken",
  "statusMessage" : "selenium.common.exceptions.TimeoutException: Message: \nStacktrace:\n\tGetHandleVerifier [0x004DB5A3+24387]\n\t(No symbol) [0x00465904]\n\t(No symbol) [0x00340753]\n\t(No symbol) [0x00388BA9]\n\t(No symbol) [0x00388EFB]\n\t(No symbol) [0x003D19C2]\n\t(No symbol) [0x003AD894]\n\t(No symbol) [0x003CF138]\n\t(No symbol) [0x003AD646]\n\t(No symbol) [0x0037C59F]\n\t(No symbol) [0x0037D8E4]\n\tGetHandleVerifier [0x007DD883+3179043]\n\tGetHandleVerifier [0x007F6CF9+3282585]\n\tGetHandleVerifier [0x007F167C+3260444]\n\tGetHandleVerifier [0x00574330+650448]\n\t(No symbol) [0x0046ED0D]\n\t(No symbol) [0x0046BAF8]\n\t(No symbol) [0x0046BC99]\n\t(No symbol) [0x0045E530]\n\tBaseThreadInitThunk [0x76815D49+25]\n\tRtlInitializeExceptionChain [0x7776CE3B+107]\n\tRtlGetAppContainerNamedObjectPath [0x7776CDC1+561]",
  "statusTrace" : "drivers = <selenium.webdriver.chrome.webdriver.WebDriver (session=\"15b1abdbd5634e52f2ed5e48885fe9c2\")>\nrequest = <SubRequest 'login' for <Function test_AdsAccountSearch[Account2]>>\n\n    @allure.story(\"登录系统\")\n    # 每个函数或方法都会调用\n    @pytest.fixture(autouse=True)\n    def login(drivers,request):\n        \"\"\"登录\"\"\"\n        common = Common(drivers)\n        login = LoginObject(drivers)\n>       login.login()\n\nTestCase\\AMCModelGallery\\conftest.py:30: \n_ _ _ _ _ _ _ _ _ _ _ _ _ _ _ _ _ _ _ _ _ _ _ _ _ _ _ _ _ _ _ _ _ _ _ _ _ _ _ _\npage_object\\登录.py:101: in login\n    self.input_text(elementlogin['账号'], user[\"username\"])\npage\\webpage.py:135: in input_text\n    ele = self.find_element(locator)\npage\\webpage.py:94: in find_element\n    return WebPage.element_locator(lambda *args: self.wait.until(\npage\\webpage.py:85: in element_locator\n    return func(cm.LOCATE_MODE[name], value)\npage\\webpage.py:94: in <lambda>\n    return WebPage.element_locator(lambda *args: self.wait.until(\n_ _ _ _ _ _ _ _ _ _ _ _ _ _ _ _ _ _ _ _ _ _ _ _ _ _ _ _ _ _ _ _ _ _ _ _ _ _ _ _\n\nself = <selenium.webdriver.support.wait.WebDriverWait (session=\"15b1abdbd5634e52f2ed5e48885fe9c2\")>\nmethod = <function presence_of_element_located.<locals>._predicate at 0x00000143FFC62980>\nmessage = ''\n\n    def until(self, method: Callable[[D], Union[Literal[False], T]], message: str = \"\") -> T:\n        \"\"\"Wait until the method returns a value that is not False.\n    \n        Calls the method provided with the driver as an argument until the\n        return value does not evaluate to ``False``.\n    \n        Parameters:\n        ----------\n        method: callable(WebDriver)\n            - A callable object that takes a WebDriver instance as an argument.\n    \n        message: str\n            - Optional message for :exc:`TimeoutException`\n    \n        Return:\n        -------\n        object: T\n            - The result of the last call to `method`\n    \n        Raises:\n        -------\n        TimeoutException\n            - If 'method' does not return a truthy value within the WebDriverWait\n            object's timeout\n    \n        Example:\n        --------\n        >>> from selenium.webdriver.common.by import By\n        >>> from selenium.webdriver.support.ui import WebDriverWait\n        >>> from selenium.webdriver.support import expected_conditions as EC\n    \n        # Wait until an element is visible on the page\n        >>> wait = WebDriverWait(driver, 10)\n        >>> element = wait.until(EC.visibility_of_element_located((By.ID, \"exampleId\")))\n        >>> print(element.text)\n        \"\"\"\n        screen = None\n        stacktrace = None\n    \n        end_time = time.monotonic() + self._timeout\n        while True:\n            try:\n                value = method(self._driver)\n                if value:\n                    return value\n            except self._ignored_exceptions as exc:\n                screen = getattr(exc, \"screen\", None)\n                stacktrace = getattr(exc, \"stacktrace\", None)\n            if time.monotonic() > end_time:\n                break\n            time.sleep(self._poll)\n>       raise TimeoutException(message, screen, stacktrace)\nE       selenium.common.exceptions.TimeoutException: Message: \nE       Stacktrace:\nE       \tGetHandleVerifier [0x004DB5A3+24387]\nE       \t(No symbol) [0x00465904]\nE       \t(No symbol) [0x00340753]\nE       \t(No symbol) [0x00388BA9]\nE       \t(No symbol) [0x00388EFB]\nE       \t(No symbol) [0x003D19C2]\nE       \t(No symbol) [0x003AD894]\nE       \t(No symbol) [0x003CF138]\nE       \t(No symbol) [0x003AD646]\nE       \t(No symbol) [0x0037C59F]\nE       \t(No symbol) [0x0037D8E4]\nE       \tGetHandleVerifier [0x007DD883+3179043]\nE       \tGetHandleVerifier [0x007F6CF9+3282585]\nE       \tGetHandleVerifier [0x007F167C+3260444]\nE       \tGetHandleVerifier [0x00574330+650448]\nE       \t(No symbol) [0x0046ED0D]\nE       \t(No symbol) [0x0046BAF8]\nE       \t(No symbol) [0x0046BC99]\nE       \t(No symbol) [0x0045E530]\nE       \tBaseThreadInitThunk [0x76815D49+25]\nE       \tRtlInitializeExceptionChain [0x7776CE3B+107]\nE       \tRtlGetAppContainerNamedObjectPath [0x7776CDC1+561]\n\nD:\\Python\\Lib\\site-packages\\selenium\\webdriver\\support\\wait.py:146: TimeoutException",
  "flaky" : false,
  "beforeStages" : [ {
    "name" : "drivers",
    "time" : {
      "start" : 1742521210115,
      "stop" : 1742521226011,
      "duration" : 15896
    },
    "status" : "passed",
    "steps" : [ ],
    "attachments" : [ ],
    "parameters" : [ ],
    "attachmentsCount" : 0,
    "shouldDisplayMessage" : false,
    "hasContent" : false,
    "stepsCount" : 0
  }, {
    "name" : "login",
    "time" : {
      "start" : 1742521226011,
      "stop" : 1742521258624,
      "duration" : 32613
    },
    "status" : "broken",
    "statusMessage" : "selenium.common.exceptions.TimeoutException: Message: \nStacktrace:\n\tGetHandleVerifier [0x004DB5A3+24387]\n\t(No symbol) [0x00465904]\n\t(No symbol) [0x00340753]\n\t(No symbol) [0x00388BA9]\n\t(No symbol) [0x00388EFB]\n\t(No symbol) [0x003D19C2]\n\t(No symbol) [0x003AD894]\n\t(No symbol) [0x003CF138]\n\t(No symbol) [0x003AD646]\n\t(No symbol) [0x0037C59F]\n\t(No symbol) [0x0037D8E4]\n\tGetHandleVerifier [0x007DD883+3179043]\n\tGetHandleVerifier [0x007F6CF9+3282585]\n\tGetHandleVerifier [0x007F167C+3260444]\n\tGetHandleVerifier [0x00574330+650448]\n\t(No symbol) [0x0046ED0D]\n\t(No symbol) [0x0046BAF8]\n\t(No symbol) [0x0046BC99]\n\t(No symbol) [0x0045E530]\n\tBaseThreadInitThunk [0x76815D49+25]\n\tRtlInitializeExceptionChain [0x7776CE3B+107]\n\tRtlGetAppContainerNamedObjectPath [0x7776CDC1+561]\n\n",
    "statusTrace" : "  File \"D:\\Python\\Lib\\site-packages\\pluggy\\_callers.py\", line 167, in _multicall\n    teardown.throw(outcome._exception)\n    ~~~~~~~~~~~~~~^^^^^^^^^^^^^^^^^^^^\n  File \"D:\\Python\\Lib\\site-packages\\_pytest\\setuponly.py\", line 36, in pytest_fixture_setup\n    return (yield)\n            ^^^^^\n  File \"D:\\Python\\Lib\\site-packages\\pluggy\\_callers.py\", line 103, in _multicall\n    res = hook_impl.function(*args)\n  File \"D:\\Python\\Lib\\site-packages\\_pytest\\fixtures.py\", line 1140, in pytest_fixture_setup\n    result = call_fixture_func(fixturefunc, request, kwargs)\n  File \"D:\\Python\\Lib\\site-packages\\_pytest\\fixtures.py\", line 898, in call_fixture_func\n    fixture_result = fixturefunc(**kwargs)\n  File \"E:\\AMC_Xnurta\\TestCase\\AMCModelGallery\\conftest.py\", line 30, in login\n    login.login()\n    ~~~~~~~~~~~^^\n  File \"D:\\Python\\Lib\\site-packages\\allure_commons\\_allure.py\", line 192, in impl\n    return func(*a, **kw)\n  File \"E:\\AMC_Xnurta\\page_object\\登录.py\", line 101, in login\n    self.input_text(elementlogin['账号'], user[\"username\"])\n    ~~~~~~~~~~~~~~~^^^^^^^^^^^^^^^^^^^^^^^^^^^^^^^^^^^^^^^^\n  File \"E:\\AMC_Xnurta\\page\\webpage.py\", line 135, in input_text\n    ele = self.find_element(locator)\n  File \"E:\\AMC_Xnurta\\page\\webpage.py\", line 94, in find_element\n    return WebPage.element_locator(lambda *args: self.wait.until(\n           ~~~~~~~~~~~~~~~~~~~~~~~^^^^^^^^^^^^^^^^^^^^^^^^^^^^^^^\n        EC.presence_of_element_located(args)), locator)\n        ^^^^^^^^^^^^^^^^^^^^^^^^^^^^^^^^^^^^^^^^^^^^^^^\n  File \"E:\\AMC_Xnurta\\page\\webpage.py\", line 85, in element_locator\n    return func(cm.LOCATE_MODE[name], value)\n  File \"E:\\AMC_Xnurta\\page\\webpage.py\", line 94, in <lambda>\n    return WebPage.element_locator(lambda *args: self.wait.until(\n                                                 ~~~~~~~~~~~~~~~^\n        EC.presence_of_element_located(args)), locator)\n        ^^^^^^^^^^^^^^^^^^^^^^^^^^^^^^^^^^^^^\n  File \"D:\\Python\\Lib\\site-packages\\selenium\\webdriver\\support\\wait.py\", line 146, in until\n    raise TimeoutException(message, screen, stacktrace)\n",
    "steps" : [ {
      "name" : "登录",
      "time" : {
        "start" : 1742521226031,
        "stop" : 1742521258559,
        "duration" : 32528
      },
      "status" : "broken",
      "statusMessage" : "selenium.common.exceptions.TimeoutException: Message: \nStacktrace:\n\tGetHandleVerifier [0x004DB5A3+24387]\n\t(No symbol) [0x00465904]\n\t(No symbol) [0x00340753]\n\t(No symbol) [0x00388BA9]\n\t(No symbol) [0x00388EFB]\n\t(No symbol) [0x003D19C2]\n\t(No symbol) [0x003AD894]\n\t(No symbol) [0x003CF138]\n\t(No symbol) [0x003AD646]\n\t(No symbol) [0x0037C59F]\n\t(No symbol) [0x0037D8E4]\n\tGetHandleVerifier [0x007DD883+3179043]\n\tGetHandleVerifier [0x007F6CF9+3282585]\n\tGetHandleVerifier [0x007F167C+3260444]\n\tGetHandleVerifier [0x00574330+650448]\n\t(No symbol) [0x0046ED0D]\n\t(No symbol) [0x0046BAF8]\n\t(No symbol) [0x0046BC99]\n\t(No symbol) [0x0045E530]\n\tBaseThreadInitThunk [0x76815D49+25]\n\tRtlInitializeExceptionChain [0x7776CE3B+107]\n\tRtlGetAppContainerNamedObjectPath [0x7776CDC1+561]\n\n",
      "statusTrace" : "  File \"D:\\Python\\Lib\\site-packages\\allure_commons\\_allure.py\", line 192, in impl\n    return func(*a, **kw)\n  File \"E:\\AMC_Xnurta\\page_object\\登录.py\", line 101, in login\n    self.input_text(elementlogin['账号'], user[\"username\"])\n    ~~~~~~~~~~~~~~~^^^^^^^^^^^^^^^^^^^^^^^^^^^^^^^^^^^^^^^^\n  File \"E:\\AMC_Xnurta\\page\\webpage.py\", line 135, in input_text\n    ele = self.find_element(locator)\n  File \"E:\\AMC_Xnurta\\page\\webpage.py\", line 94, in find_element\n    return WebPage.element_locator(lambda *args: self.wait.until(\n           ~~~~~~~~~~~~~~~~~~~~~~~^^^^^^^^^^^^^^^^^^^^^^^^^^^^^^^\n        EC.presence_of_element_located(args)), locator)\n        ^^^^^^^^^^^^^^^^^^^^^^^^^^^^^^^^^^^^^^^^^^^^^^^\n  File \"E:\\AMC_Xnurta\\page\\webpage.py\", line 85, in element_locator\n    return func(cm.LOCATE_MODE[name], value)\n  File \"E:\\AMC_Xnurta\\page\\webpage.py\", line 94, in <lambda>\n    return WebPage.element_locator(lambda *args: self.wait.until(\n                                                 ~~~~~~~~~~~~~~~^\n        EC.presence_of_element_located(args)), locator)\n        ^^^^^^^^^^^^^^^^^^^^^^^^^^^^^^^^^^^^^\n  File \"D:\\Python\\Lib\\site-packages\\selenium\\webdriver\\support\\wait.py\", line 146, in until\n    raise TimeoutException(message, screen, stacktrace)\n",
      "steps" : [ ],
      "attachments" : [ ],
      "parameters" : [ {
        "name" : "url",
        "value" : "'https://wtest.xnurta.com/login'"
      } ],
      "attachmentsCount" : 0,
      "shouldDisplayMessage" : true,
      "hasContent" : true,
      "stepsCount" : 0
    } ],
    "attachments" : [ ],
    "parameters" : [ ],
    "attachmentsCount" : 0,
    "shouldDisplayMessage" : false,
    "hasContent" : true,
    "stepsCount" : 1
  } ],
  "testStage" : {
    "description" : "广告触达模型-顶部筛选",
    "status" : "broken",
    "statusMessage" : "selenium.common.exceptions.TimeoutException: Message: \nStacktrace:\n\tGetHandleVerifier [0x004DB5A3+24387]\n\t(No symbol) [0x00465904]\n\t(No symbol) [0x00340753]\n\t(No symbol) [0x00388BA9]\n\t(No symbol) [0x00388EFB]\n\t(No symbol) [0x003D19C2]\n\t(No symbol) [0x003AD894]\n\t(No symbol) [0x003CF138]\n\t(No symbol) [0x003AD646]\n\t(No symbol) [0x0037C59F]\n\t(No symbol) [0x0037D8E4]\n\tGetHandleVerifier [0x007DD883+3179043]\n\tGetHandleVerifier [0x007F6CF9+3282585]\n\tGetHandleVerifier [0x007F167C+3260444]\n\tGetHandleVerifier [0x00574330+650448]\n\t(No symbol) [0x0046ED0D]\n\t(No symbol) [0x0046BAF8]\n\t(No symbol) [0x0046BC99]\n\t(No symbol) [0x0045E530]\n\tBaseThreadInitThunk [0x76815D49+25]\n\tRtlInitializeExceptionChain [0x7776CE3B+107]\n\tRtlGetAppContainerNamedObjectPath [0x7776CDC1+561]",
    "statusTrace" : "drivers = <selenium.webdriver.chrome.webdriver.WebDriver (session=\"15b1abdbd5634e52f2ed5e48885fe9c2\")>\nrequest = <SubRequest 'login' for <Function test_AdsAccountSearch[Account2]>>\n\n    @allure.story(\"登录系统\")\n    # 每个函数或方法都会调用\n    @pytest.fixture(autouse=True)\n    def login(drivers,request):\n        \"\"\"登录\"\"\"\n        common = Common(drivers)\n        login = LoginObject(drivers)\n>       login.login()\n\nTestCase\\AMCModelGallery\\conftest.py:30: \n_ _ _ _ _ _ _ _ _ _ _ _ _ _ _ _ _ _ _ _ _ _ _ _ _ _ _ _ _ _ _ _ _ _ _ _ _ _ _ _\npage_object\\登录.py:101: in login\n    self.input_text(elementlogin['账号'], user[\"username\"])\npage\\webpage.py:135: in input_text\n    ele = self.find_element(locator)\npage\\webpage.py:94: in find_element\n    return WebPage.element_locator(lambda *args: self.wait.until(\npage\\webpage.py:85: in element_locator\n    return func(cm.LOCATE_MODE[name], value)\npage\\webpage.py:94: in <lambda>\n    return WebPage.element_locator(lambda *args: self.wait.until(\n_ _ _ _ _ _ _ _ _ _ _ _ _ _ _ _ _ _ _ _ _ _ _ _ _ _ _ _ _ _ _ _ _ _ _ _ _ _ _ _\n\nself = <selenium.webdriver.support.wait.WebDriverWait (session=\"15b1abdbd5634e52f2ed5e48885fe9c2\")>\nmethod = <function presence_of_element_located.<locals>._predicate at 0x00000143FFC62980>\nmessage = ''\n\n    def until(self, method: Callable[[D], Union[Literal[False], T]], message: str = \"\") -> T:\n        \"\"\"Wait until the method returns a value that is not False.\n    \n        Calls the method provided with the driver as an argument until the\n        return value does not evaluate to ``False``.\n    \n        Parameters:\n        ----------\n        method: callable(WebDriver)\n            - A callable object that takes a WebDriver instance as an argument.\n    \n        message: str\n            - Optional message for :exc:`TimeoutException`\n    \n        Return:\n        -------\n        object: T\n            - The result of the last call to `method`\n    \n        Raises:\n        -------\n        TimeoutException\n            - If 'method' does not return a truthy value within the WebDriverWait\n            object's timeout\n    \n        Example:\n        --------\n        >>> from selenium.webdriver.common.by import By\n        >>> from selenium.webdriver.support.ui import WebDriverWait\n        >>> from selenium.webdriver.support import expected_conditions as EC\n    \n        # Wait until an element is visible on the page\n        >>> wait = WebDriverWait(driver, 10)\n        >>> element = wait.until(EC.visibility_of_element_located((By.ID, \"exampleId\")))\n        >>> print(element.text)\n        \"\"\"\n        screen = None\n        stacktrace = None\n    \n        end_time = time.monotonic() + self._timeout\n        while True:\n            try:\n                value = method(self._driver)\n                if value:\n                    return value\n            except self._ignored_exceptions as exc:\n                screen = getattr(exc, \"screen\", None)\n                stacktrace = getattr(exc, \"stacktrace\", None)\n            if time.monotonic() > end_time:\n                break\n            time.sleep(self._poll)\n>       raise TimeoutException(message, screen, stacktrace)\nE       selenium.common.exceptions.TimeoutException: Message: \nE       Stacktrace:\nE       \tGetHandleVerifier [0x004DB5A3+24387]\nE       \t(No symbol) [0x00465904]\nE       \t(No symbol) [0x00340753]\nE       \t(No symbol) [0x00388BA9]\nE       \t(No symbol) [0x00388EFB]\nE       \t(No symbol) [0x003D19C2]\nE       \t(No symbol) [0x003AD894]\nE       \t(No symbol) [0x003CF138]\nE       \t(No symbol) [0x003AD646]\nE       \t(No symbol) [0x0037C59F]\nE       \t(No symbol) [0x0037D8E4]\nE       \tGetHandleVerifier [0x007DD883+3179043]\nE       \tGetHandleVerifier [0x007F6CF9+3282585]\nE       \tGetHandleVerifier [0x007F167C+3260444]\nE       \tGetHandleVerifier [0x00574330+650448]\nE       \t(No symbol) [0x0046ED0D]\nE       \t(No symbol) [0x0046BAF8]\nE       \t(No symbol) [0x0046BC99]\nE       \t(No symbol) [0x0045E530]\nE       \tBaseThreadInitThunk [0x76815D49+25]\nE       \tRtlInitializeExceptionChain [0x7776CE3B+107]\nE       \tRtlGetAppContainerNamedObjectPath [0x7776CDC1+561]\n\nD:\\Python\\Lib\\site-packages\\selenium\\webdriver\\support\\wait.py:146: TimeoutException",
    "steps" : [ ],
    "attachments" : [ {
      "uid" : "e75b93156c0b7125",
      "name" : "测试失败截图...20250321094116",
      "source" : "e75b93156c0b7125.png",
      "type" : "image/png",
      "size" : 23680
    }, {
      "uid" : "550b03c2f4a0808f",
      "name" : "log",
      "source" : "550b03c2f4a0808f.txt",
      "type" : "text/plain",
      "size" : 12155
    } ],
    "parameters" : [ ],
    "attachmentsCount" : 2,
    "shouldDisplayMessage" : true,
    "hasContent" : true,
    "stepsCount" : 0
  },
  "afterStages" : [ {
    "name" : "drivers::fn",
    "time" : {
      "start" : 1742521277180,
      "stop" : 1742521281302,
      "duration" : 4122
    },
    "status" : "passed",
    "steps" : [ ],
    "attachments" : [ ],
    "parameters" : [ ],
    "attachmentsCount" : 0,
    "shouldDisplayMessage" : false,
    "hasContent" : false,
    "stepsCount" : 0
  } ],
  "labels" : [ {
    "name" : "story",
    "value" : "广告触达模型-顶部筛选-广告账户"
  }, {
    "name" : "parentSuite",
    "value" : "TestCase.AMCModelGallery.UniqueReach"
  }, {
    "name" : "suite",
    "value" : "test_TopSearch"
  }, {
    "name" : "subSuite",
    "value" : "TestTopSearch"
  }, {
    "name" : "host",
    "value" : "LAPTOP-T9E779QS"
  }, {
    "name" : "thread",
    "value" : "16496-MainThread"
  }, {
    "name" : "framework",
    "value" : "pytest"
  }, {
    "name" : "language",
    "value" : "cpython3"
  }, {
    "name" : "package",
    "value" : "TestCase.AMCModelGallery.UniqueReach.test_TopSearch"
  }, {
    "name" : "resultFormat",
    "value" : "allure2"
  } ],
  "parameters" : [ {
    "name" : "Account",
    "value" : "('9L', 'CN')"
  } ],
  "links" : [ ],
  "hidden" : true,
  "retry" : true,
  "extra" : {
    "categories" : [ ],
    "tags" : [ ]
  },
  "source" : "c2ed47a288401dc2.json",
  "parameterValues" : [ "('9L', 'CN')" ]
}