{
  "uid" : "8f8d49c2a691b092",
  "name" : "test_TestSearchTarget[auto_loose]",
  "fullName" : "TestCase.AMCModelGallery.SearchTermAnalysis.test_OverallSearch.TestFastSearch#test_TestSearchTarget",
  "historyId" : "59f70d2e730a9614a26b401f9116b84d",
  "time" : {
    "start" : 1742520995960,
    "stop" : 1742520995960,
    "duration" : 0
  },
  "description" : "搜索词分析模型-总览-快捷搜索",
  "descriptionHtml" : "<p>搜索词分析模型-总览-快捷搜索</p>\n",
  "status" : "broken",
  "statusMessage" : "selenium.common.exceptions.TimeoutException: Message: \nStacktrace:\n\tGetHandleVerifier [0x004DB5A3+24387]\n\t(No symbol) [0x00465904]\n\t(No symbol) [0x00340753]\n\t(No symbol) [0x00388BA9]\n\t(No symbol) [0x00388EFB]\n\t(No symbol) [0x003D19C2]\n\t(No symbol) [0x003AD894]\n\t(No symbol) [0x003CF138]\n\t(No symbol) [0x003AD646]\n\t(No symbol) [0x0037C59F]\n\t(No symbol) [0x0037D8E4]\n\tGetHandleVerifier [0x007DD883+3179043]\n\tGetHandleVerifier [0x007F6CF9+3282585]\n\tGetHandleVerifier [0x007F167C+3260444]\n\tGetHandleVerifier [0x00574330+650448]\n\t(No symbol) [0x0046ED0D]\n\t(No symbol) [0x0046BAF8]\n\t(No symbol) [0x0046BC99]\n\t(No symbol) [0x0045E530]\n\tBaseThreadInitThunk [0x76815D49+25]\n\tRtlInitializeExceptionChain [0x7776CE3B+107]\n\tRtlGetAppContainerNamedObjectPath [0x7776CDC1+561]",
  "statusTrace" : "drivers = <selenium.webdriver.chrome.webdriver.WebDriver (session=\"0591bb031deb7a5f684d9911e6ac8c5a\")>\nrequest = <SubRequest 'login' for <Function test_TestSearchTarget[auto_loose]>>\n\n    @allure.story(\"登录系统\")\n    # 每个函数或方法都会调用\n    @pytest.fixture(autouse=True)\n    def login(drivers,request):\n        \"\"\"登录\"\"\"\n        common = Common(drivers)\n        login = LoginObject(drivers)\n>       login.login()\n\nTestCase\\AMCModelGallery\\conftest.py:30: \n_ _ _ _ _ _ _ _ _ _ _ _ _ _ _ _ _ _ _ _ _ _ _ _ _ _ _ _ _ _ _ _ _ _ _ _ _ _ _ _\npage_object\\登录.py:101: in login\n    self.input_text(elementlogin['账号'], user[\"username\"])\npage\\webpage.py:135: in input_text\n    ele = self.find_element(locator)\npage\\webpage.py:94: in find_element\n    return WebPage.element_locator(lambda *args: self.wait.until(\npage\\webpage.py:85: in element_locator\n    return func(cm.LOCATE_MODE[name], value)\npage\\webpage.py:94: in <lambda>\n    return WebPage.element_locator(lambda *args: self.wait.until(\n_ _ _ _ _ _ _ _ _ _ _ _ _ _ _ _ _ _ _ _ _ _ _ _ _ _ _ _ _ _ _ _ _ _ _ _ _ _ _ _\n\nself = <selenium.webdriver.support.wait.WebDriverWait (session=\"0591bb031deb7a5f684d9911e6ac8c5a\")>\nmethod = <function presence_of_element_located.<locals>._predicate at 0x000001801626F7E0>\nmessage = ''\n\n    def until(self, method: Callable[[D], Union[Literal[False], T]], message: str = \"\") -> T:\n        \"\"\"Wait until the method returns a value that is not False.\n    \n        Calls the method provided with the driver as an argument until the\n        return value does not evaluate to ``False``.\n    \n        Parameters:\n        ----------\n        method: callable(WebDriver)\n            - A callable object that takes a WebDriver instance as an argument.\n    \n        message: str\n            - Optional message for :exc:`TimeoutException`\n    \n        Return:\n        -------\n        object: T\n            - The result of the last call to `method`\n    \n        Raises:\n        -------\n        TimeoutException\n            - If 'method' does not return a truthy value within the WebDriverWait\n            object's timeout\n    \n        Example:\n        --------\n        >>> from selenium.webdriver.common.by import By\n        >>> from selenium.webdriver.support.ui import WebDriverWait\n        >>> from selenium.webdriver.support import expected_conditions as EC\n    \n        # Wait until an element is visible on the page\n        >>> wait = WebDriverWait(driver, 10)\n        >>> element = wait.until(EC.visibility_of_element_located((By.ID, \"exampleId\")))\n        >>> print(element.text)\n        \"\"\"\n        screen = None\n        stacktrace = None\n    \n        end_time = time.monotonic() + self._timeout\n        while True:\n            try:\n                value = method(self._driver)\n                if value:\n                    return value\n            except self._ignored_exceptions as exc:\n                screen = getattr(exc, \"screen\", None)\n                stacktrace = getattr(exc, \"stacktrace\", None)\n            if time.monotonic() > end_time:\n                break\n            time.sleep(self._poll)\n>       raise TimeoutException(message, screen, stacktrace)\nE       selenium.common.exceptions.TimeoutException: Message: \nE       Stacktrace:\nE       \tGetHandleVerifier [0x004DB5A3+24387]\nE       \t(No symbol) [0x00465904]\nE       \t(No symbol) [0x00340753]\nE       \t(No symbol) [0x00388BA9]\nE       \t(No symbol) [0x00388EFB]\nE       \t(No symbol) [0x003D19C2]\nE       \t(No symbol) [0x003AD894]\nE       \t(No symbol) [0x003CF138]\nE       \t(No symbol) [0x003AD646]\nE       \t(No symbol) [0x0037C59F]\nE       \t(No symbol) [0x0037D8E4]\nE       \tGetHandleVerifier [0x007DD883+3179043]\nE       \tGetHandleVerifier [0x007F6CF9+3282585]\nE       \tGetHandleVerifier [0x007F167C+3260444]\nE       \tGetHandleVerifier [0x00574330+650448]\nE       \t(No symbol) [0x0046ED0D]\nE       \t(No symbol) [0x0046BAF8]\nE       \t(No symbol) [0x0046BC99]\nE       \t(No symbol) [0x0045E530]\nE       \tBaseThreadInitThunk [0x76815D49+25]\nE       \tRtlInitializeExceptionChain [0x7776CE3B+107]\nE       \tRtlGetAppContainerNamedObjectPath [0x7776CDC1+561]\n\nD:\\Python\\Lib\\site-packages\\selenium\\webdriver\\support\\wait.py:146: TimeoutException",
  "flaky" : false,
  "beforeStages" : [ {
    "name" : "drivers",
    "time" : {
      "start" : 1742520995962,
      "stop" : 1742521019456,
      "duration" : 23494
    },
    "status" : "passed",
    "steps" : [ ],
    "attachments" : [ ],
    "parameters" : [ ],
    "attachmentsCount" : 0,
    "shouldDisplayMessage" : false,
    "hasContent" : false,
    "stepsCount" : 0
  }, {
    "name" : "login",
    "time" : {
      "start" : 1742521019457,
      "stop" : 1742521053699,
      "duration" : 34242
    },
    "status" : "broken",
    "statusMessage" : "selenium.common.exceptions.TimeoutException: Message: \nStacktrace:\n\tGetHandleVerifier [0x004DB5A3+24387]\n\t(No symbol) [0x00465904]\n\t(No symbol) [0x00340753]\n\t(No symbol) [0x00388BA9]\n\t(No symbol) [0x00388EFB]\n\t(No symbol) [0x003D19C2]\n\t(No symbol) [0x003AD894]\n\t(No symbol) [0x003CF138]\n\t(No symbol) [0x003AD646]\n\t(No symbol) [0x0037C59F]\n\t(No symbol) [0x0037D8E4]\n\tGetHandleVerifier [0x007DD883+3179043]\n\tGetHandleVerifier [0x007F6CF9+3282585]\n\tGetHandleVerifier [0x007F167C+3260444]\n\tGetHandleVerifier [0x00574330+650448]\n\t(No symbol) [0x0046ED0D]\n\t(No symbol) [0x0046BAF8]\n\t(No symbol) [0x0046BC99]\n\t(No symbol) [0x0045E530]\n\tBaseThreadInitThunk [0x76815D49+25]\n\tRtlInitializeExceptionChain [0x7776CE3B+107]\n\tRtlGetAppContainerNamedObjectPath [0x7776CDC1+561]\n\n",
    "statusTrace" : "  File \"D:\\Python\\Lib\\site-packages\\pluggy\\_callers.py\", line 167, in _multicall\n    teardown.throw(outcome._exception)\n    ~~~~~~~~~~~~~~^^^^^^^^^^^^^^^^^^^^\n  File \"D:\\Python\\Lib\\site-packages\\_pytest\\setuponly.py\", line 36, in pytest_fixture_setup\n    return (yield)\n            ^^^^^\n  File \"D:\\Python\\Lib\\site-packages\\pluggy\\_callers.py\", line 103, in _multicall\n    res = hook_impl.function(*args)\n  File \"D:\\Python\\Lib\\site-packages\\_pytest\\fixtures.py\", line 1140, in pytest_fixture_setup\n    result = call_fixture_func(fixturefunc, request, kwargs)\n  File \"D:\\Python\\Lib\\site-packages\\_pytest\\fixtures.py\", line 898, in call_fixture_func\n    fixture_result = fixturefunc(**kwargs)\n  File \"E:\\AMC_Xnurta\\TestCase\\AMCModelGallery\\conftest.py\", line 30, in login\n    login.login()\n    ~~~~~~~~~~~^^\n  File \"D:\\Python\\Lib\\site-packages\\allure_commons\\_allure.py\", line 192, in impl\n    return func(*a, **kw)\n  File \"E:\\AMC_Xnurta\\page_object\\登录.py\", line 101, in login\n    self.input_text(elementlogin['账号'], user[\"username\"])\n    ~~~~~~~~~~~~~~~^^^^^^^^^^^^^^^^^^^^^^^^^^^^^^^^^^^^^^^^\n  File \"E:\\AMC_Xnurta\\page\\webpage.py\", line 135, in input_text\n    ele = self.find_element(locator)\n  File \"E:\\AMC_Xnurta\\page\\webpage.py\", line 94, in find_element\n    return WebPage.element_locator(lambda *args: self.wait.until(\n           ~~~~~~~~~~~~~~~~~~~~~~~^^^^^^^^^^^^^^^^^^^^^^^^^^^^^^^\n        EC.presence_of_element_located(args)), locator)\n        ^^^^^^^^^^^^^^^^^^^^^^^^^^^^^^^^^^^^^^^^^^^^^^^\n  File \"E:\\AMC_Xnurta\\page\\webpage.py\", line 85, in element_locator\n    return func(cm.LOCATE_MODE[name], value)\n  File \"E:\\AMC_Xnurta\\page\\webpage.py\", line 94, in <lambda>\n    return WebPage.element_locator(lambda *args: self.wait.until(\n                                                 ~~~~~~~~~~~~~~~^\n        EC.presence_of_element_located(args)), locator)\n        ^^^^^^^^^^^^^^^^^^^^^^^^^^^^^^^^^^^^^\n  File \"D:\\Python\\Lib\\site-packages\\selenium\\webdriver\\support\\wait.py\", line 146, in until\n    raise TimeoutException(message, screen, stacktrace)\n",
    "steps" : [ {
      "name" : "登录",
      "time" : {
        "start" : 1742521019466,
        "stop" : 1742521053693,
        "duration" : 34227
      },
      "status" : "broken",
      "statusMessage" : "selenium.common.exceptions.TimeoutException: Message: \nStacktrace:\n\tGetHandleVerifier [0x004DB5A3+24387]\n\t(No symbol) [0x00465904]\n\t(No symbol) [0x00340753]\n\t(No symbol) [0x00388BA9]\n\t(No symbol) [0x00388EFB]\n\t(No symbol) [0x003D19C2]\n\t(No symbol) [0x003AD894]\n\t(No symbol) [0x003CF138]\n\t(No symbol) [0x003AD646]\n\t(No symbol) [0x0037C59F]\n\t(No symbol) [0x0037D8E4]\n\tGetHandleVerifier [0x007DD883+3179043]\n\tGetHandleVerifier [0x007F6CF9+3282585]\n\tGetHandleVerifier [0x007F167C+3260444]\n\tGetHandleVerifier [0x00574330+650448]\n\t(No symbol) [0x0046ED0D]\n\t(No symbol) [0x0046BAF8]\n\t(No symbol) [0x0046BC99]\n\t(No symbol) [0x0045E530]\n\tBaseThreadInitThunk [0x76815D49+25]\n\tRtlInitializeExceptionChain [0x7776CE3B+107]\n\tRtlGetAppContainerNamedObjectPath [0x7776CDC1+561]\n\n",
      "statusTrace" : "  File \"D:\\Python\\Lib\\site-packages\\allure_commons\\_allure.py\", line 192, in impl\n    return func(*a, **kw)\n  File \"E:\\AMC_Xnurta\\page_object\\登录.py\", line 101, in login\n    self.input_text(elementlogin['账号'], user[\"username\"])\n    ~~~~~~~~~~~~~~~^^^^^^^^^^^^^^^^^^^^^^^^^^^^^^^^^^^^^^^^\n  File \"E:\\AMC_Xnurta\\page\\webpage.py\", line 135, in input_text\n    ele = self.find_element(locator)\n  File \"E:\\AMC_Xnurta\\page\\webpage.py\", line 94, in find_element\n    return WebPage.element_locator(lambda *args: self.wait.until(\n           ~~~~~~~~~~~~~~~~~~~~~~~^^^^^^^^^^^^^^^^^^^^^^^^^^^^^^^\n        EC.presence_of_element_located(args)), locator)\n        ^^^^^^^^^^^^^^^^^^^^^^^^^^^^^^^^^^^^^^^^^^^^^^^\n  File \"E:\\AMC_Xnurta\\page\\webpage.py\", line 85, in element_locator\n    return func(cm.LOCATE_MODE[name], value)\n  File \"E:\\AMC_Xnurta\\page\\webpage.py\", line 94, in <lambda>\n    return WebPage.element_locator(lambda *args: self.wait.until(\n                                                 ~~~~~~~~~~~~~~~^\n        EC.presence_of_element_located(args)), locator)\n        ^^^^^^^^^^^^^^^^^^^^^^^^^^^^^^^^^^^^^\n  File \"D:\\Python\\Lib\\site-packages\\selenium\\webdriver\\support\\wait.py\", line 146, in until\n    raise TimeoutException(message, screen, stacktrace)\n",
      "steps" : [ ],
      "attachments" : [ ],
      "parameters" : [ {
        "name" : "url",
        "value" : "'https://wtest.xnurta.com/login'"
      } ],
      "attachmentsCount" : 0,
      "shouldDisplayMessage" : true,
      "hasContent" : true,
      "stepsCount" : 0
    } ],
    "attachments" : [ ],
    "parameters" : [ ],
    "attachmentsCount" : 0,
    "shouldDisplayMessage" : false,
    "hasContent" : true,
    "stepsCount" : 1
  } ],
  "testStage" : {
    "description" : "搜索词分析模型-总览-快捷搜索",
    "status" : "broken",
    "statusMessage" : "selenium.common.exceptions.TimeoutException: Message: \nStacktrace:\n\tGetHandleVerifier [0x004DB5A3+24387]\n\t(No symbol) [0x00465904]\n\t(No symbol) [0x00340753]\n\t(No symbol) [0x00388BA9]\n\t(No symbol) [0x00388EFB]\n\t(No symbol) [0x003D19C2]\n\t(No symbol) [0x003AD894]\n\t(No symbol) [0x003CF138]\n\t(No symbol) [0x003AD646]\n\t(No symbol) [0x0037C59F]\n\t(No symbol) [0x0037D8E4]\n\tGetHandleVerifier [0x007DD883+3179043]\n\tGetHandleVerifier [0x007F6CF9+3282585]\n\tGetHandleVerifier [0x007F167C+3260444]\n\tGetHandleVerifier [0x00574330+650448]\n\t(No symbol) [0x0046ED0D]\n\t(No symbol) [0x0046BAF8]\n\t(No symbol) [0x0046BC99]\n\t(No symbol) [0x0045E530]\n\tBaseThreadInitThunk [0x76815D49+25]\n\tRtlInitializeExceptionChain [0x7776CE3B+107]\n\tRtlGetAppContainerNamedObjectPath [0x7776CDC1+561]",
    "statusTrace" : "drivers = <selenium.webdriver.chrome.webdriver.WebDriver (session=\"0591bb031deb7a5f684d9911e6ac8c5a\")>\nrequest = <SubRequest 'login' for <Function test_TestSearchTarget[auto_loose]>>\n\n    @allure.story(\"登录系统\")\n    # 每个函数或方法都会调用\n    @pytest.fixture(autouse=True)\n    def login(drivers,request):\n        \"\"\"登录\"\"\"\n        common = Common(drivers)\n        login = LoginObject(drivers)\n>       login.login()\n\nTestCase\\AMCModelGallery\\conftest.py:30: \n_ _ _ _ _ _ _ _ _ _ _ _ _ _ _ _ _ _ _ _ _ _ _ _ _ _ _ _ _ _ _ _ _ _ _ _ _ _ _ _\npage_object\\登录.py:101: in login\n    self.input_text(elementlogin['账号'], user[\"username\"])\npage\\webpage.py:135: in input_text\n    ele = self.find_element(locator)\npage\\webpage.py:94: in find_element\n    return WebPage.element_locator(lambda *args: self.wait.until(\npage\\webpage.py:85: in element_locator\n    return func(cm.LOCATE_MODE[name], value)\npage\\webpage.py:94: in <lambda>\n    return WebPage.element_locator(lambda *args: self.wait.until(\n_ _ _ _ _ _ _ _ _ _ _ _ _ _ _ _ _ _ _ _ _ _ _ _ _ _ _ _ _ _ _ _ _ _ _ _ _ _ _ _\n\nself = <selenium.webdriver.support.wait.WebDriverWait (session=\"0591bb031deb7a5f684d9911e6ac8c5a\")>\nmethod = <function presence_of_element_located.<locals>._predicate at 0x000001801626F7E0>\nmessage = ''\n\n    def until(self, method: Callable[[D], Union[Literal[False], T]], message: str = \"\") -> T:\n        \"\"\"Wait until the method returns a value that is not False.\n    \n        Calls the method provided with the driver as an argument until the\n        return value does not evaluate to ``False``.\n    \n        Parameters:\n        ----------\n        method: callable(WebDriver)\n            - A callable object that takes a WebDriver instance as an argument.\n    \n        message: str\n            - Optional message for :exc:`TimeoutException`\n    \n        Return:\n        -------\n        object: T\n            - The result of the last call to `method`\n    \n        Raises:\n        -------\n        TimeoutException\n            - If 'method' does not return a truthy value within the WebDriverWait\n            object's timeout\n    \n        Example:\n        --------\n        >>> from selenium.webdriver.common.by import By\n        >>> from selenium.webdriver.support.ui import WebDriverWait\n        >>> from selenium.webdriver.support import expected_conditions as EC\n    \n        # Wait until an element is visible on the page\n        >>> wait = WebDriverWait(driver, 10)\n        >>> element = wait.until(EC.visibility_of_element_located((By.ID, \"exampleId\")))\n        >>> print(element.text)\n        \"\"\"\n        screen = None\n        stacktrace = None\n    \n        end_time = time.monotonic() + self._timeout\n        while True:\n            try:\n                value = method(self._driver)\n                if value:\n                    return value\n            except self._ignored_exceptions as exc:\n                screen = getattr(exc, \"screen\", None)\n                stacktrace = getattr(exc, \"stacktrace\", None)\n            if time.monotonic() > end_time:\n                break\n            time.sleep(self._poll)\n>       raise TimeoutException(message, screen, stacktrace)\nE       selenium.common.exceptions.TimeoutException: Message: \nE       Stacktrace:\nE       \tGetHandleVerifier [0x004DB5A3+24387]\nE       \t(No symbol) [0x00465904]\nE       \t(No symbol) [0x00340753]\nE       \t(No symbol) [0x00388BA9]\nE       \t(No symbol) [0x00388EFB]\nE       \t(No symbol) [0x003D19C2]\nE       \t(No symbol) [0x003AD894]\nE       \t(No symbol) [0x003CF138]\nE       \t(No symbol) [0x003AD646]\nE       \t(No symbol) [0x0037C59F]\nE       \t(No symbol) [0x0037D8E4]\nE       \tGetHandleVerifier [0x007DD883+3179043]\nE       \tGetHandleVerifier [0x007F6CF9+3282585]\nE       \tGetHandleVerifier [0x007F167C+3260444]\nE       \tGetHandleVerifier [0x00574330+650448]\nE       \t(No symbol) [0x0046ED0D]\nE       \t(No symbol) [0x0046BAF8]\nE       \t(No symbol) [0x0046BC99]\nE       \t(No symbol) [0x0045E530]\nE       \tBaseThreadInitThunk [0x76815D49+25]\nE       \tRtlInitializeExceptionChain [0x7776CE3B+107]\nE       \tRtlGetAppContainerNamedObjectPath [0x7776CDC1+561]\n\nD:\\Python\\Lib\\site-packages\\selenium\\webdriver\\support\\wait.py:146: TimeoutException",
    "steps" : [ ],
    "attachments" : [ {
      "uid" : "556df1c536bc38ba",
      "name" : "测试失败截图...20250321093741",
      "source" : "556df1c536bc38ba.png",
      "type" : "image/png",
      "size" : 22491
    }, {
      "uid" : "4451a217d9b645e1",
      "name" : "log",
      "source" : "4451a217d9b645e1.txt",
      "type" : "text/plain",
      "size" : 12156
    } ],
    "parameters" : [ ],
    "attachmentsCount" : 2,
    "shouldDisplayMessage" : true,
    "hasContent" : true,
    "stepsCount" : 0
  },
  "afterStages" : [ {
    "name" : "drivers::fn",
    "time" : {
      "start" : 1742521062487,
      "stop" : 1742521066816,
      "duration" : 4329
    },
    "status" : "passed",
    "steps" : [ ],
    "attachments" : [ ],
    "parameters" : [ ],
    "attachmentsCount" : 0,
    "shouldDisplayMessage" : false,
    "hasContent" : false,
    "stepsCount" : 0
  } ],
  "labels" : [ {
    "name" : "story",
    "value" : "搜索词分析模型-总览-快捷搜索-定向匹配类型/定向Targeting"
  }, {
    "name" : "parentSuite",
    "value" : "TestCase.AMCModelGallery.SearchTermAnalysis"
  }, {
    "name" : "suite",
    "value" : "test_OverallSearch"
  }, {
    "name" : "subSuite",
    "value" : "TestFastSearch"
  }, {
    "name" : "host",
    "value" : "LAPTOP-T9E779QS"
  }, {
    "name" : "thread",
    "value" : "18692-MainThread"
  }, {
    "name" : "framework",
    "value" : "pytest"
  }, {
    "name" : "language",
    "value" : "cpython3"
  }, {
    "name" : "package",
    "value" : "TestCase.AMCModelGallery.SearchTermAnalysis.test_OverallSearch"
  }, {
    "name" : "resultFormat",
    "value" : "allure2"
  } ],
  "parameters" : [ {
    "name" : "match_type",
    "value" : "'auto_loose'"
  } ],
  "links" : [ ],
  "hidden" : true,
  "retry" : true,
  "extra" : {
    "categories" : [ ],
    "tags" : [ ]
  },
  "source" : "8f8d49c2a691b092.json",
  "parameterValues" : [ "'auto_loose'" ]
}